<?xml version="1.0" encoding="UTF-8"?>
<!-- Generated by org.testng.reporters.JUnitXMLReporter -->
<testsuite hostname="DESKTOP-3S3P68U" ignored="0" name="Default test" tests="2" failures="0" timestamp="21 Mar 2020 08:46:13 GMT" time="25.3" errors="0">
  <testcase name="clearTripSearchFlight" time="5.91" classname="com.ClearTrip.Tests.SearchandSelectFlightTest"/>
  <testcase name="clearTripSelectFlight" time="0.108" classname="com.ClearTrip.Tests.SearchandSelectFlightTest"/>
</testsuite> <!-- Default test -->
