<?xml version="1.0" encoding="UTF-8"?>
<!-- Generated by org.testng.reporters.JUnitXMLReporter -->
<testsuite hostname="DESKTOP-3S3P68U" ignored="0" name="Test" tests="2" failures="0" timestamp="16 Mar 2020 05:23:11 GMT" time="22.766" errors="0">
  <testcase name="clearTripSearchFlight" time="6.416" classname="com.ClearTrip.Tests.SearchandSelectFlightTest"/>
  <testcase name="clearTripSelectFlight" time="0.118" classname="com.ClearTrip.Tests.SearchandSelectFlightTest"/>
</testsuite> <!-- Test -->
