<?xml version="1.0" encoding="UTF-8"?>
<!-- Generated by org.testng.reporters.JUnitXMLReporter -->
<testsuite hostname="DESKTOP-3S3P68U" ignored="0" name="Test" tests="2" failures="0" timestamp="21 Mar 2020 10:49:26 GMT" time="21.817" errors="0">
  <testcase name="clearTripSearchFlight" time="5.822" classname="com.ClearTrip.Tests.SearchandSelectFlightTest"/>
  <testcase name="clearTripSelectFlight" time="0.121" classname="com.ClearTrip.Tests.SearchandSelectFlightTest"/>
</testsuite> <!-- Test -->
