<?xml version="1.0" encoding="UTF-8"?>
<!-- Generated by org.testng.reporters.JUnitXMLReporter -->
<testsuite hostname="DESKTOP-3S3P68U" ignored="0" name="Test" tests="2" failures="0" timestamp="26 Jul 2020 14:28:10 GMT" time="32.079" errors="0">
  <testcase name="clearTripSearchFlight" time="6.149" classname="com.ClearTrip.Tests.SearchandSelectFlightTest"/>
  <testcase name="clearTripSelectFlight" time="0.645" classname="com.ClearTrip.Tests.SearchandSelectFlightTest"/>
</testsuite> <!-- Test -->
