<?xml version="1.0" encoding="UTF-8"?>
<testng-results skipped="0" failed="0" ignored="0" total="2" passed="2">
  <reporter-output>
  </reporter-output>
  <suite name="Suite" duration-ms="32079" started-at="2020-07-26T14:27:37Z" finished-at="2020-07-26T14:28:09Z">
    <groups>
    </groups>
    <test name="Test" duration-ms="32079" started-at="2020-07-26T14:27:37Z" finished-at="2020-07-26T14:28:09Z">
      <class name="com.ClearTrip.Tests.SearchandSelectFlightTest">
        <test-method status="PASS" signature="setup()[pri:0, instance:com.ClearTrip.Tests.SearchandSelectFlightTest@1a052a00]" name="setup" is-config="true" duration-ms="25244" started-at="2020-07-26T14:27:37Z" finished-at="2020-07-26T14:28:03Z">
          <reporter-output>
          </reporter-output>
        </test-method> <!-- setup -->
        <test-method status="PASS" signature="clearTripSearchFlight()[pri:0, instance:com.ClearTrip.Tests.SearchandSelectFlightTest@1a052a00]" name="clearTripSearchFlight" duration-ms="6149" started-at="2020-07-26T14:28:03Z" finished-at="2020-07-26T14:28:09Z">
          <reporter-output>
          </reporter-output>
        </test-method> <!-- clearTripSearchFlight -->
        <test-method status="PASS" signature="clearTripSelectFlight()[pri:0, instance:com.ClearTrip.Tests.SearchandSelectFlightTest@1a052a00]" name="clearTripSelectFlight" duration-ms="645" started-at="2020-07-26T14:28:09Z" depends-on-methods="com.ClearTrip.Tests.SearchandSelectFlightTest.clearTripSearchFlight" finished-at="2020-07-26T14:28:09Z">
          <reporter-output>
          </reporter-output>
        </test-method> <!-- clearTripSelectFlight -->
        <test-method status="PASS" signature="tearDown()[pri:0, instance:com.ClearTrip.Tests.SearchandSelectFlightTest@1a052a00]" name="tearDown" is-config="true" duration-ms="0" started-at="2020-07-26T14:28:09Z" finished-at="2020-07-26T14:28:09Z">
          <reporter-output>
          </reporter-output>
        </test-method> <!-- tearDown -->
      </class> <!-- com.ClearTrip.Tests.SearchandSelectFlightTest -->
    </test> <!-- Test -->
  </suite> <!-- Suite -->
</testng-results>
