<?xml version="1.0" encoding="UTF-8"?>
<testng-results skipped="0" failed="0" ignored="0" total="2" passed="2">
  <reporter-output>
  </reporter-output>
  <suite name="Suite" duration-ms="21817" started-at="2020-03-21T10:49:04Z" finished-at="2020-03-21T10:49:26Z">
    <groups>
    </groups>
    <test name="Test" duration-ms="21817" started-at="2020-03-21T10:49:04Z" finished-at="2020-03-21T10:49:26Z">
      <class name="com.ClearTrip.Tests.SearchandSelectFlightTest">
        <test-method status="PASS" signature="setup()[pri:0, instance:com.ClearTrip.Tests.SearchandSelectFlightTest@4206a205]" name="setup" is-config="true" duration-ms="15833" started-at="2020-03-21T10:49:04Z" finished-at="2020-03-21T10:49:20Z">
          <reporter-output>
          </reporter-output>
        </test-method> <!-- setup -->
        <test-method status="PASS" signature="clearTripSearchFlight()[pri:0, instance:com.ClearTrip.Tests.SearchandSelectFlightTest@4206a205]" name="clearTripSearchFlight" duration-ms="5822" started-at="2020-03-21T10:49:20Z" finished-at="2020-03-21T10:49:26Z">
          <reporter-output>
          </reporter-output>
        </test-method> <!-- clearTripSearchFlight -->
        <test-method status="PASS" signature="clearTripSelectFlight()[pri:0, instance:com.ClearTrip.Tests.SearchandSelectFlightTest@4206a205]" name="clearTripSelectFlight" duration-ms="121" started-at="2020-03-21T10:49:26Z" depends-on-methods="com.ClearTrip.Tests.SearchandSelectFlightTest.clearTripSearchFlight" finished-at="2020-03-21T10:49:26Z">
          <reporter-output>
          </reporter-output>
        </test-method> <!-- clearTripSelectFlight -->
        <test-method status="PASS" signature="tearDown()[pri:0, instance:com.ClearTrip.Tests.SearchandSelectFlightTest@4206a205]" name="tearDown" is-config="true" duration-ms="0" started-at="2020-03-21T10:49:26Z" finished-at="2020-03-21T10:49:26Z">
          <reporter-output>
          </reporter-output>
        </test-method> <!-- tearDown -->
      </class> <!-- com.ClearTrip.Tests.SearchandSelectFlightTest -->
    </test> <!-- Test -->
  </suite> <!-- Suite -->
</testng-results>
